{"/Users/dave/Desktop/game-world-app/src/app.tsx": {"path":"/Users/dave/Desktop/game-world-app/src/app.tsx","statementMap":{"0":{"start":{"line":4,"column":2},"end":{"line":6,"column":4}}},"fnMap":{"0":{"name":"App","decl":{"start":{"line":3,"column":9},"end":{"line":3,"column":12}},"loc":{"start":{"line":3,"column":15},"end":{"line":7,"column":1}},"line":3}},"branchMap":{},"s":{"0":0},"f":{"0":0},"b":{}}
,"/Users/dave/Desktop/game-world-app/src/services/api-url.ts": {"path":"/Users/dave/Desktop/game-world-app/src/services/api-url.ts","statementMap":{"0":{"start":{"line":4,"column":4},"end":{"line":4,"column":20}},"1":{"start":{"line":8,"column":4},"end":{"line":8,"column":28}},"2":{"start":{"line":12,"column":4},"end":{"line":12,"column":36}},"3":{"start":{"line":15,"column":2},"end":{"line":19,"column":3}},"4":{"start":{"line":22,"column":22},"end":{"line":22,"column":33}}},"fnMap":{"0":{"name":"getApiUrl","decl":{"start":{"line":1,"column":9},"end":{"line":1,"column":18}},"loc":{"start":{"line":1,"column":21},"end":{"line":20,"column":1}},"line":1},"1":{"name":"getGames","decl":{"start":{"line":3,"column":11},"end":{"line":3,"column":19}},"loc":{"start":{"line":3,"column":22},"end":{"line":5,"column":3}},"line":3},"2":{"name":"getSingleGame","decl":{"start":{"line":7,"column":11},"end":{"line":7,"column":24}},"loc":{"start":{"line":7,"column":38},"end":{"line":9,"column":3}},"line":7},"3":{"name":"getGamesByFilterParams","decl":{"start":{"line":11,"column":11},"end":{"line":11,"column":33}},"loc":{"start":{"line":11,"column":57},"end":{"line":13,"column":3}},"line":11}},"branchMap":{},"s":{"0":1,"1":1,"2":1,"3":1,"4":1},"f":{"0":1,"1":1,"2":1,"3":1},"b":{},"_coverageSchema":"1a1c01bbd47fc00a2c39e90264f33305004495a9","hash":"e84a27f8e70be7f1fe54c127df24df07c7367914"}
,"/Users/dave/Desktop/game-world-app/src/services/api.ts": {"path":"/Users/dave/Desktop/game-world-app/src/services/api.ts","statementMap":{},"fnMap":{},"branchMap":{},"s":{},"f":{},"b":{}}
}
